Using pre-set license
Built from '2020.2/staging' branch; Version is '2020.2.3f1 (8ff31bc5bf5b) revision 9433883'; Using compiler version '192528614'; Build Type 'Release'
OS: 'Windows 10 Home; OS build 18363.1316; Version 1909; 64bit' Language: 'en' Physical Memory: 32717 MB
BatchMode: 1, IsHumanControllingUs: 0, StartBugReporterOnCrash: 0, Is64bit: 1, IsPro: 0

 COMMAND LINE ARGUMENTS:
C:\Program Files\Unity\Hub\Editor\2020.2.3f1\Editor\Unity.exe
-adb2
-batchMode
-noUpm
-name
AssetImportWorker0
-projectPath
D:/Work/Semester 2/PFIE/Repos/Unity/arvr_infinite_runner
-logFile
Logs/AssetImportWorker0.log
-srvPort
49479
Successfully changed project path to: D:/Work/Semester 2/PFIE/Repos/Unity/arvr_infinite_runner
D:/Work/Semester 2/PFIE/Repos/Unity/arvr_infinite_runner
Using Asset Import Pipeline V2.
Refreshing native plugins compatible for Editor in 44.34 ms, found 0 plugins.
Preloading 0 native plugins for Editor in 0.00 ms.
Initialize engine version: 2020.2.3f1 (8ff31bc5bf5b)
[Subsystems] Discovering subsystems at path C:/Program Files/Unity/Hub/Editor/2020.2.3f1/Editor/Data/Resources/UnitySubsystems
[Subsystems] Discovering subsystems at path D:/Work/Semester 2/PFIE/Repos/Unity/arvr_infinite_runner/Assets
GfxDevice: creating device client; threaded=0
Direct3D:
    Version:  Direct3D 11.0 [level 11.1]
    Renderer: NVIDIA GeForce GTX 980M (ID=0x1617)
    Vendor:   
    VRAM:     4053 MB
    Driver:   27.21.14.6089
Initialize mono
Mono path[0] = 'C:/Program Files/Unity/Hub/Editor/2020.2.3f1/Editor/Data/Managed'
Mono path[1] = 'C:/Program Files/Unity/Hub/Editor/2020.2.3f1/Editor/Data/MonoBleedingEdge/lib/mono/unityjit'
Mono config path = 'C:/Program Files/Unity/Hub/Editor/2020.2.3f1/Editor/Data/MonoBleedingEdge/etc'
Using monoOptions --debugger-agent=transport=dt_socket,embedding=1,server=y,suspend=n,address=127.0.0.1:56856
Begin MonoManager ReloadAssembly
Registering precompiled unity dll's ...
Register platform support module: C:/Program Files/Unity/Hub/Editor/2020.2.3f1/Editor/Data/PlaybackEngines/WindowsStandaloneSupport/UnityEditor.WindowsStandalone.Extensions.dll
Registered in 0.003528 seconds.
Native extension for WindowsStandalone target not found
Refreshing native plugins compatible for Editor in 45.05 ms, found 0 plugins.
Preloading 0 native plugins for Editor in 0.00 ms.
Invoked RoslynAnalysisRunner static constructor.
RoslynAnalysisRunner will not be running.
RoslynAnalysisRunner has terminated.
Mono: successfully reloaded assembly
- Completed reload, in  3.089 seconds
Platform modules already initialized, skipping
Registering precompiled user dll's ...
Registered in 0.001647 seconds.
Begin MonoManager ReloadAssembly
Native extension for WindowsStandalone target not found
Refreshing native plugins compatible for Editor in 46.73 ms, found 0 plugins.
Preloading 0 native plugins for Editor in 0.00 ms.
Invoked RoslynAnalysisRunner static constructor.
RoslynAnalysisRunner will not be running.
RoslynAnalysisRunner has terminated.
Mono: successfully reloaded assembly
- Completed reload, in  1.129 seconds
Platform modules already initialized, skipping
========================================================================
Worker process is ready to serve import requests
Shader 'Universal Render Pipeline/Particles/Lit': fallback shader 'Universal Render Pipeline/Particles/SimpleLit' not found
Shader 'Universal Render Pipeline/Particles/Lit': fallback shader 'Universal Render Pipeline/Particles/SimpleLit' not found
Launched and connected shader compiler UnityShaderCompiler.exe after 0.06 seconds
Refreshing native plugins compatible for Editor in 0.47 ms, found 0 plugins.
Preloading 0 native plugins for Editor in 0.00 ms.
Unloading 2404 Unused Serialized files (Serialized files now loaded: 0)
System memory in use before: 111.1 MB.
System memory in use after: 108.9 MB.

Unloading 46 unused Assets to reduce memory usage. Loaded Objects now: 2811.
Total: 4.048600 ms (FindLiveObjects: 0.267900 ms CreateObjectMapping: 0.162800 ms MarkObjects: 2.130400 ms  DeleteObjects: 1.486000 ms)

========================================================================
Received Import Request.
  path: Assets/imphenzia/Scripts/CarveyController.cs
  artifactKey: Guid(a659bcf3d0d80394695d985b5ae563a6) Importer(815301076,1909f56bfc062723c751e8b465ee728b)
Start importing Assets/imphenzia/Scripts/CarveyController.cs using Guid(a659bcf3d0d80394695d985b5ae563a6) Importer(815301076,1909f56bfc062723c751e8b465ee728b)  -> (artifact id: '988d857be45cc92571495975d3af27da') in 0.030129 seconds
  Import took 0.034950 seconds .

========================================================================
Received Import Request.
  Time since last request: 0.000539 seconds.
  path: Assets/imphenzia/Scripts/Rotator.cs
  artifactKey: Guid(7b82842e674ea3f41855aaea5c771dd7) Importer(815301076,1909f56bfc062723c751e8b465ee728b)
Start importing Assets/imphenzia/Scripts/Rotator.cs using Guid(7b82842e674ea3f41855aaea5c771dd7) Importer(815301076,1909f56bfc062723c751e8b465ee728b)  -> (artifact id: '8de7d2537b353cac177376de4f323f9a') in 0.007092 seconds
  Import took 0.012319 seconds .

========================================================================
Received Import Request.
  Time since last request: 24.493295 seconds.
  path: Assets/Coin/CoinRotation.cs
  artifactKey: Guid(c182fd4afa0785947a473967102cc496) Importer(815301076,1909f56bfc062723c751e8b465ee728b)
Start importing Assets/Coin/CoinRotation.cs using Guid(c182fd4afa0785947a473967102cc496) Importer(815301076,1909f56bfc062723c751e8b465ee728b)  -> (artifact id: '6e940b9317f9b2dd57b5cff0cd8572ff') in 0.006742 seconds
  Import took 0.012136 seconds .

========================================================================
Received Prepare
Registering precompiled user dll's ...
Registered in 0.001594 seconds.
Begin MonoManager ReloadAssembly
Native extension for WindowsStandalone target not found
Refreshing native plugins compatible for Editor in 0.47 ms, found 0 plugins.
Preloading 0 native plugins for Editor in 0.00 ms.
Invoked RoslynAnalysisRunner static constructor.
RoslynAnalysisRunner will not be running.
RoslynAnalysisRunner has terminated.
Mono: successfully reloaded assembly
- Completed reload, in  0.972 seconds
Platform modules already initialized, skipping
Shader 'Universal Render Pipeline/Particles/Lit': fallback shader 'Universal Render Pipeline/Particles/SimpleLit' not found
Shader 'Universal Render Pipeline/Particles/Lit': fallback shader 'Universal Render Pipeline/Particles/SimpleLit' not found
Refreshing native plugins compatible for Editor in 0.47 ms, found 0 plugins.
Preloading 0 native plugins for Editor in 0.00 ms.
Unloading 2331 Unused Serialized files (Serialized files now loaded: 0)
System memory in use before: 108.2 MB.
System memory in use after: 106.0 MB.

Unloading 41 unused Assets to reduce memory usage. Loaded Objects now: 2813.
Total: 4.659500 ms (FindLiveObjects: 0.344600 ms CreateObjectMapping: 0.143700 ms MarkObjects: 2.597400 ms  DeleteObjects: 1.572600 ms)

========================================================================
Received Import Request.
  Time since last request: 29.456553 seconds.
  path: Assets/Scripts/RotationController.cs
  artifactKey: Guid(c182fd4afa0785947a473967102cc496) Importer(815301076,1909f56bfc062723c751e8b465ee728b)
Start importing Assets/Scripts/RotationController.cs using Guid(c182fd4afa0785947a473967102cc496) Importer(815301076,1909f56bfc062723c751e8b465ee728b)  -> (artifact id: '085d883c3eced66862e8783b2f53a807') in 0.013077 seconds
  Import took 0.017996 seconds .

========================================================================
Received Prepare
Registering precompiled user dll's ...
Registered in 0.001709 seconds.
Begin MonoManager ReloadAssembly
Native extension for WindowsStandalone target not found
Refreshing native plugins compatible for Editor in 0.51 ms, found 0 plugins.
Preloading 0 native plugins for Editor in 0.00 ms.
Invoked RoslynAnalysisRunner static constructor.
RoslynAnalysisRunner will not be running.
RoslynAnalysisRunner has terminated.
Mono: successfully reloaded assembly
- Completed reload, in  0.981 seconds
Platform modules already initialized, skipping
Shader 'Universal Render Pipeline/Particles/Lit': fallback shader 'Universal Render Pipeline/Particles/SimpleLit' not found
Shader 'Universal Render Pipeline/Particles/Lit': fallback shader 'Universal Render Pipeline/Particles/SimpleLit' not found
Refreshing native plugins compatible for Editor in 0.48 ms, found 0 plugins.
Preloading 0 native plugins for Editor in 0.00 ms.
Unloading 2331 Unused Serialized files (Serialized files now loaded: 0)
System memory in use before: 108.3 MB.
System memory in use after: 106.0 MB.

Unloading 41 unused Assets to reduce memory usage. Loaded Objects now: 2815.
Total: 4.746700 ms (FindLiveObjects: 0.305600 ms CreateObjectMapping: 0.113500 ms MarkObjects: 2.688800 ms  DeleteObjects: 1.637300 ms)

========================================================================
Received Prepare
Registering precompiled user dll's ...
Registered in 0.002289 seconds.
Begin MonoManager ReloadAssembly
Native extension for WindowsStandalone target not found
Refreshing native plugins compatible for Editor in 0.48 ms, found 0 plugins.
Preloading 0 native plugins for Editor in 0.00 ms.
Invoked RoslynAnalysisRunner static constructor.
RoslynAnalysisRunner will not be running.
RoslynAnalysisRunner has terminated.
Mono: successfully reloaded assembly
- Completed reload, in  0.967 seconds
Platform modules already initialized, skipping
Shader 'Universal Render Pipeline/Particles/Lit': fallback shader 'Universal Render Pipeline/Particles/SimpleLit' not found
Shader 'Universal Render Pipeline/Particles/Lit': fallback shader 'Universal Render Pipeline/Particles/SimpleLit' not found
Refreshing native plugins compatible for Editor in 0.49 ms, found 0 plugins.
Preloading 0 native plugins for Editor in 0.00 ms.
Unloading 2331 Unused Serialized files (Serialized files now loaded: 0)
System memory in use before: 108.3 MB.
System memory in use after: 106.0 MB.

Unloading 41 unused Assets to reduce memory usage. Loaded Objects now: 2817.
Total: 4.635500 ms (FindLiveObjects: 0.241600 ms CreateObjectMapping: 0.108800 ms MarkObjects: 2.602700 ms  DeleteObjects: 1.681000 ms)

========================================================================
Received Import Request.
  Time since last request: 21.982339 seconds.
  path: Assets/Scripts/CameraFollowController.cs
  artifactKey: Guid(8bc33e3132c4aaf4f9c1298bac578f2e) Importer(815301076,1909f56bfc062723c751e8b465ee728b)
Start importing Assets/Scripts/CameraFollowController.cs using Guid(8bc33e3132c4aaf4f9c1298bac578f2e) Importer(815301076,1909f56bfc062723c751e8b465ee728b)  -> (artifact id: '1682d09f039e04b3f40ea0dcd1d3c008') in 0.010513 seconds
  Import took 0.014680 seconds .

========================================================================
Received Prepare
Registering precompiled user dll's ...
Registered in 0.001609 seconds.
Begin MonoManager ReloadAssembly
Native extension for WindowsStandalone target not found
Refreshing native plugins compatible for Editor in 0.48 ms, found 0 plugins.
Preloading 0 native plugins for Editor in 0.00 ms.
Invoked RoslynAnalysisRunner static constructor.
RoslynAnalysisRunner will not be running.
RoslynAnalysisRunner has terminated.
Mono: successfully reloaded assembly
- Completed reload, in  0.964 seconds
Platform modules already initialized, skipping
Shader 'Universal Render Pipeline/Particles/Lit': fallback shader 'Universal Render Pipeline/Particles/SimpleLit' not found
Shader 'Universal Render Pipeline/Particles/Lit': fallback shader 'Universal Render Pipeline/Particles/SimpleLit' not found
Refreshing native plugins compatible for Editor in 0.47 ms, found 0 plugins.
Preloading 0 native plugins for Editor in 0.00 ms.
Unloading 2331 Unused Serialized files (Serialized files now loaded: 0)
System memory in use before: 108.3 MB.
System memory in use after: 106.0 MB.

Unloading 41 unused Assets to reduce memory usage. Loaded Objects now: 2819.
Total: 5.308700 ms (FindLiveObjects: 0.308200 ms CreateObjectMapping: 0.110600 ms MarkObjects: 3.191500 ms  DeleteObjects: 1.696900 ms)

========================================================================
Received Prepare
Registering precompiled user dll's ...
Registered in 0.003060 seconds.
Begin MonoManager ReloadAssembly
Native extension for WindowsStandalone target not found
Refreshing native plugins compatible for Editor in 0.53 ms, found 0 plugins.
Preloading 0 native plugins for Editor in 0.00 ms.
Invoked RoslynAnalysisRunner static constructor.
RoslynAnalysisRunner will not be running.
RoslynAnalysisRunner has terminated.
Mono: successfully reloaded assembly
- Completed reload, in  1.596 seconds
Platform modules already initialized, skipping
Shader 'Universal Render Pipeline/Particles/Lit': fallback shader 'Universal Render Pipeline/Particles/SimpleLit' not found
Shader 'Universal Render Pipeline/Particles/Lit': fallback shader 'Universal Render Pipeline/Particles/SimpleLit' not found
Refreshing native plugins compatible for Editor in 0.65 ms, found 0 plugins.
Preloading 0 native plugins for Editor in 0.00 ms.
Unloading 2331 Unused Serialized files (Serialized files now loaded: 0)
System memory in use before: 108.2 MB.
System memory in use after: 106.0 MB.

Unloading 41 unused Assets to reduce memory usage. Loaded Objects now: 2821.
Total: 4.931200 ms (FindLiveObjects: 0.349100 ms CreateObjectMapping: 0.141300 ms MarkObjects: 2.769600 ms  DeleteObjects: 1.669900 ms)

========================================================================
Received Import Request.
  Time since last request: 91.467819 seconds.
  path: Assets/Scripts/RotationController.cs
  artifactKey: Guid(c182fd4afa0785947a473967102cc496) Importer(815301076,1909f56bfc062723c751e8b465ee728b)
Start importing Assets/Scripts/RotationController.cs using Guid(c182fd4afa0785947a473967102cc496) Importer(815301076,1909f56bfc062723c751e8b465ee728b)  -> (artifact id: 'ffbf2e71087c9f465b178aaae63b3e46') in 0.008897 seconds
  Import took 0.013120 seconds .

========================================================================
Received Prepare
Registering precompiled user dll's ...
Registered in 0.001692 seconds.
Begin MonoManager ReloadAssembly
Native extension for WindowsStandalone target not found
Refreshing native plugins compatible for Editor in 0.47 ms, found 0 plugins.
Preloading 0 native plugins for Editor in 0.00 ms.
Invoked RoslynAnalysisRunner static constructor.
RoslynAnalysisRunner will not be running.
RoslynAnalysisRunner has terminated.
Mono: successfully reloaded assembly
- Completed reload, in  0.969 seconds
Platform modules already initialized, skipping
Shader 'Universal Render Pipeline/Particles/Lit': fallback shader 'Universal Render Pipeline/Particles/SimpleLit' not found
Shader 'Universal Render Pipeline/Particles/Lit': fallback shader 'Universal Render Pipeline/Particles/SimpleLit' not found
Refreshing native plugins compatible for Editor in 0.46 ms, found 0 plugins.
Preloading 0 native plugins for Editor in 0.00 ms.
Unloading 2331 Unused Serialized files (Serialized files now loaded: 0)
System memory in use before: 108.3 MB.
System memory in use after: 106.1 MB.

Unloading 41 unused Assets to reduce memory usage. Loaded Objects now: 2823.
Total: 4.129600 ms (FindLiveObjects: 0.199700 ms CreateObjectMapping: 0.111300 ms MarkObjects: 2.070300 ms  DeleteObjects: 1.747200 ms)

========================================================================
Received Import Request.
  Time since last request: 47.544593 seconds.
  path: Assets/Scripts/CameraFollowController.cs
  artifactKey: Guid(8bc33e3132c4aaf4f9c1298bac578f2e) Importer(815301076,1909f56bfc062723c751e8b465ee728b)
Start importing Assets/Scripts/CameraFollowController.cs using Guid(8bc33e3132c4aaf4f9c1298bac578f2e) Importer(815301076,1909f56bfc062723c751e8b465ee728b)  -> (artifact id: '7c1397037ca2cf8ae393af816434cfd8') in 0.008719 seconds
  Import took 0.012830 seconds .

========================================================================
Received Prepare
Registering precompiled user dll's ...
Registered in 0.001601 seconds.
Begin MonoManager ReloadAssembly
Native extension for WindowsStandalone target not found
Refreshing native plugins compatible for Editor in 0.56 ms, found 0 plugins.
Preloading 0 native plugins for Editor in 0.00 ms.
Invoked RoslynAnalysisRunner static constructor.
RoslynAnalysisRunner will not be running.
RoslynAnalysisRunner has terminated.
Mono: successfully reloaded assembly
- Completed reload, in  0.987 seconds
Platform modules already initialized, skipping
Shader 'Universal Render Pipeline/Particles/Lit': fallback shader 'Universal Render Pipeline/Particles/SimpleLit' not found
Shader 'Universal Render Pipeline/Particles/Lit': fallback shader 'Universal Render Pipeline/Particles/SimpleLit' not found
Refreshing native plugins compatible for Editor in 0.48 ms, found 0 plugins.
Preloading 0 native plugins for Editor in 0.00 ms.
Unloading 2331 Unused Serialized files (Serialized files now loaded: 0)
System memory in use before: 108.3 MB.
System memory in use after: 106.1 MB.

Unloading 41 unused Assets to reduce memory usage. Loaded Objects now: 2825.
Total: 4.460800 ms (FindLiveObjects: 0.352600 ms CreateObjectMapping: 0.146100 ms MarkObjects: 2.240700 ms  DeleteObjects: 1.719900 ms)

========================================================================
Received Import Request.
  Time since last request: 133.968108 seconds.
  path: Assets/imphenzia/Scripts/CarveyAttack.cs
  artifactKey: Guid(b226410a48a174f4187e5e6140390a93) Importer(815301076,1909f56bfc062723c751e8b465ee728b)
Start importing Assets/imphenzia/Scripts/CarveyAttack.cs using Guid(b226410a48a174f4187e5e6140390a93) Importer(815301076,1909f56bfc062723c751e8b465ee728b)  -> (artifact id: '127fd363630a14572a973e6a59fb1ba8') in 0.011474 seconds
  Import took 0.016745 seconds .

========================================================================
Received Prepare
Registering precompiled user dll's ...
Registered in 0.001861 seconds.
Begin MonoManager ReloadAssembly
Native extension for WindowsStandalone target not found
Refreshing native plugins compatible for Editor in 0.49 ms, found 0 plugins.
Preloading 0 native plugins for Editor in 0.00 ms.
Invoked RoslynAnalysisRunner static constructor.
RoslynAnalysisRunner will not be running.
RoslynAnalysisRunner has terminated.
Mono: successfully reloaded assembly
- Completed reload, in  0.977 seconds
Platform modules already initialized, skipping
Shader 'Universal Render Pipeline/Particles/Lit': fallback shader 'Universal Render Pipeline/Particles/SimpleLit' not found
Shader 'Universal Render Pipeline/Particles/Lit': fallback shader 'Universal Render Pipeline/Particles/SimpleLit' not found
Refreshing native plugins compatible for Editor in 0.47 ms, found 0 plugins.
Preloading 0 native plugins for Editor in 0.00 ms.
Unloading 2327 Unused Serialized files (Serialized files now loaded: 0)
System memory in use before: 108.2 MB.
System memory in use after: 106.0 MB.

Unloading 45 unused Assets to reduce memory usage. Loaded Objects now: 2823.
Total: 4.352800 ms (FindLiveObjects: 0.278200 ms CreateObjectMapping: 0.140200 ms MarkObjects: 2.209900 ms  DeleteObjects: 1.723200 ms)

========================================================================
Received Import Request.
  Time since last request: 12.511814 seconds.
  path: Assets/imphenzia/Scripts/HeroController.cs
  artifactKey: Guid(e38e651771b1af442b2300041d4701ad) Importer(815301076,1909f56bfc062723c751e8b465ee728b)
Start importing Assets/imphenzia/Scripts/HeroController.cs using Guid(e38e651771b1af442b2300041d4701ad) Importer(815301076,1909f56bfc062723c751e8b465ee728b)  -> (artifact id: 'f8ddb9977034ee7da8041647601b08ec') in 0.010382 seconds
  Import took 0.015003 seconds .

========================================================================
Received Prepare
Registering precompiled user dll's ...
Registered in 0.001617 seconds.
Begin MonoManager ReloadAssembly
Native extension for WindowsStandalone target not found
Refreshing native plugins compatible for Editor in 0.48 ms, found 0 plugins.
Preloading 0 native plugins for Editor in 0.00 ms.
Invoked RoslynAnalysisRunner static constructor.
RoslynAnalysisRunner will not be running.
RoslynAnalysisRunner has terminated.
Mono: successfully reloaded assembly
- Completed reload, in  1.004 seconds
Platform modules already initialized, skipping
Shader 'Universal Render Pipeline/Particles/Lit': fallback shader 'Universal Render Pipeline/Particles/SimpleLit' not found
Shader 'Universal Render Pipeline/Particles/Lit': fallback shader 'Universal Render Pipeline/Particles/SimpleLit' not found
Refreshing native plugins compatible for Editor in 0.76 ms, found 0 plugins.
Preloading 0 native plugins for Editor in 0.00 ms.
Unloading 2327 Unused Serialized files (Serialized files now loaded: 0)
System memory in use before: 108.2 MB.
System memory in use after: 106.0 MB.

Unloading 41 unused Assets to reduce memory usage. Loaded Objects now: 2825.
Total: 4.259500 ms (FindLiveObjects: 0.212900 ms CreateObjectMapping: 0.105500 ms MarkObjects: 2.040700 ms  DeleteObjects: 1.898700 ms)

========================================================================
Received Prepare
Registering precompiled user dll's ...
Registered in 0.001718 seconds.
Begin MonoManager ReloadAssembly
Native extension for WindowsStandalone target not found
Refreshing native plugins compatible for Editor in 0.50 ms, found 0 plugins.
Preloading 0 native plugins for Editor in 0.00 ms.
Invoked RoslynAnalysisRunner static constructor.
RoslynAnalysisRunner will not be running.
RoslynAnalysisRunner has terminated.
Mono: successfully reloaded assembly
- Completed reload, in  0.970 seconds
Platform modules already initialized, skipping
Shader 'Universal Render Pipeline/Particles/Lit': fallback shader 'Universal Render Pipeline/Particles/SimpleLit' not found
Shader 'Universal Render Pipeline/Particles/Lit': fallback shader 'Universal Render Pipeline/Particles/SimpleLit' not found
Refreshing native plugins compatible for Editor in 0.51 ms, found 0 plugins.
Preloading 0 native plugins for Editor in 0.00 ms.
Unloading 2327 Unused Serialized files (Serialized files now loaded: 0)
System memory in use before: 108.2 MB.
System memory in use after: 105.9 MB.

Unloading 41 unused Assets to reduce memory usage. Loaded Objects now: 2827.
Total: 4.499400 ms (FindLiveObjects: 0.272700 ms CreateObjectMapping: 0.137300 ms MarkObjects: 2.337700 ms  DeleteObjects: 1.750600 ms)

========================================================================
Received Import Request.
  Time since last request: 107.583197 seconds.
  path: Assets/Hero/HeroCharacterController.cs
  artifactKey: Guid(be0a78649654cde46ac2a02da7edf4a2) Importer(815301076,1909f56bfc062723c751e8b465ee728b)
Start importing Assets/Hero/HeroCharacterController.cs using Guid(be0a78649654cde46ac2a02da7edf4a2) Importer(815301076,1909f56bfc062723c751e8b465ee728b)  -> (artifact id: 'b018ecf07bbbe301f09b7d6efc256d14') in 0.008319 seconds
  Import took 0.013070 seconds .

========================================================================
Received Import Request.
  Time since last request: 116.000398 seconds.
  path: Assets/Animation
  artifactKey: Guid(8b9d2054df92821438f327958a18db26) Importer(815301076,1909f56bfc062723c751e8b465ee728b)
Start importing Assets/Animation using Guid(8b9d2054df92821438f327958a18db26) Importer(815301076,1909f56bfc062723c751e8b465ee728b)  -> (artifact id: 'a5383095e81cdf222121aad54f221bab') in 0.009044 seconds
  Import took 0.014644 seconds .

========================================================================
Received Prepare
Registering precompiled user dll's ...
Registered in 0.001796 seconds.
Begin MonoManager ReloadAssembly
Native extension for WindowsStandalone target not found
Refreshing native plugins compatible for Editor in 0.47 ms, found 0 plugins.
Preloading 0 native plugins for Editor in 0.00 ms.
Invoked RoslynAnalysisRunner static constructor.
RoslynAnalysisRunner will not be running.
RoslynAnalysisRunner has terminated.
Mono: successfully reloaded assembly
- Completed reload, in  0.954 seconds
Platform modules already initialized, skipping
Shader 'Universal Render Pipeline/Particles/Lit': fallback shader 'Universal Render Pipeline/Particles/SimpleLit' not found
Shader 'Universal Render Pipeline/Particles/Lit': fallback shader 'Universal Render Pipeline/Particles/SimpleLit' not found
Refreshing native plugins compatible for Editor in 0.47 ms, found 0 plugins.
Preloading 0 native plugins for Editor in 0.00 ms.
Unloading 2327 Unused Serialized files (Serialized files now loaded: 0)
System memory in use before: 108.2 MB.
System memory in use after: 106.0 MB.

Unloading 41 unused Assets to reduce memory usage. Loaded Objects now: 2829.
Total: 4.487300 ms (FindLiveObjects: 0.339500 ms CreateObjectMapping: 0.140400 ms MarkObjects: 2.231200 ms  DeleteObjects: 1.774900 ms)

========================================================================
Received Import Request.
  Time since last request: 28.732653 seconds.
  path: Assets/imphenzia/Scripts/HeroController1.cs
  artifactKey: Guid(e38e651771b1af442b2300041d4701ad) Importer(815301076,1909f56bfc062723c751e8b465ee728b)
Start importing Assets/imphenzia/Scripts/HeroController1.cs using Guid(e38e651771b1af442b2300041d4701ad) Importer(815301076,1909f56bfc062723c751e8b465ee728b)  -> (artifact id: 'c81bf26464bcca26882e2594fd2f271b') in 0.016748 seconds
  Import took 0.022854 seconds .

========================================================================
Received Import Request.
  Time since last request: 0.002685 seconds.
  path: Assets/imphenzia/Scripts/HeroController1.cs
  artifactKey: Guid(e38e651771b1af442b2300041d4701ad) Importer(815301076,1909f56bfc062723c751e8b465ee728b)
Start importing Assets/imphenzia/Scripts/HeroController1.cs using Guid(e38e651771b1af442b2300041d4701ad) Importer(815301076,1909f56bfc062723c751e8b465ee728b)  -> (artifact id: 'c81bf26464bcca26882e2594fd2f271b') in 0.006831 seconds
  Import took 0.011526 seconds .

========================================================================
Received Prepare
Registering precompiled user dll's ...
Registered in 0.001620 seconds.
Begin MonoManager ReloadAssembly
Native extension for WindowsStandalone target not found
Refreshing native plugins compatible for Editor in 0.57 ms, found 0 plugins.
Preloading 0 native plugins for Editor in 0.00 ms.
Invoked RoslynAnalysisRunner static constructor.
RoslynAnalysisRunner will not be running.
RoslynAnalysisRunner has terminated.
Mono: successfully reloaded assembly
- Completed reload, in  0.976 seconds
Platform modules already initialized, skipping
Shader 'Universal Render Pipeline/Particles/Lit': fallback shader 'Universal Render Pipeline/Particles/SimpleLit' not found
Shader 'Universal Render Pipeline/Particles/Lit': fallback shader 'Universal Render Pipeline/Particles/SimpleLit' not found
Refreshing native plugins compatible for Editor in 0.47 ms, found 0 plugins.
Preloading 0 native plugins for Editor in 0.00 ms.
Unloading 2327 Unused Serialized files (Serialized files now loaded: 0)
System memory in use before: 108.3 MB.
System memory in use after: 106.0 MB.

Unloading 41 unused Assets to reduce memory usage. Loaded Objects now: 2831.
Total: 4.562800 ms (FindLiveObjects: 0.345200 ms CreateObjectMapping: 0.253800 ms MarkObjects: 2.217700 ms  DeleteObjects: 1.744700 ms)

========================================================================
Received Prepare
Registering precompiled user dll's ...
Registered in 0.001787 seconds.
Begin MonoManager ReloadAssembly
Native extension for WindowsStandalone target not found
Refreshing native plugins compatible for Editor in 0.54 ms, found 0 plugins.
Preloading 0 native plugins for Editor in 0.00 ms.
Invoked RoslynAnalysisRunner static constructor.
RoslynAnalysisRunner will not be running.
RoslynAnalysisRunner has terminated.
Mono: successfully reloaded assembly
- Completed reload, in  1.122 seconds
Platform modules already initialized, skipping
Shader 'Universal Render Pipeline/Particles/Lit': fallback shader 'Universal Render Pipeline/Particles/SimpleLit' not found
Shader 'Universal Render Pipeline/Particles/Lit': fallback shader 'Universal Render Pipeline/Particles/SimpleLit' not found
Refreshing native plugins compatible for Editor in 0.51 ms, found 0 plugins.
Preloading 0 native plugins for Editor in 0.00 ms.
Unloading 2326 Unused Serialized files (Serialized files now loaded: 0)
System memory in use before: 108.2 MB.
System memory in use after: 106.0 MB.

Unloading 42 unused Assets to reduce memory usage. Loaded Objects now: 2832.
Total: 4.122400 ms (FindLiveObjects: 0.246200 ms CreateObjectMapping: 0.107100 ms MarkObjects: 2.024500 ms  DeleteObjects: 1.743200 ms)

========================================================================
Received Prepare
Registering precompiled user dll's ...
Registered in 0.001599 seconds.
Begin MonoManager ReloadAssembly
Native extension for WindowsStandalone target not found
Refreshing native plugins compatible for Editor in 0.48 ms, found 0 plugins.
Preloading 0 native plugins for Editor in 0.00 ms.
Invoked RoslynAnalysisRunner static constructor.
RoslynAnalysisRunner will not be running.
RoslynAnalysisRunner has terminated.
Mono: successfully reloaded assembly
- Completed reload, in  0.957 seconds
Platform modules already initialized, skipping
Shader 'Universal Render Pipeline/Particles/Lit': fallback shader 'Universal Render Pipeline/Particles/SimpleLit' not found
Shader 'Universal Render Pipeline/Particles/Lit': fallback shader 'Universal Render Pipeline/Particles/SimpleLit' not found
Refreshing native plugins compatible for Editor in 0.48 ms, found 0 plugins.
Preloading 0 native plugins for Editor in 0.00 ms.
Unloading 2326 Unused Serialized files (Serialized files now loaded: 0)
System memory in use before: 108.3 MB.
System memory in use after: 106.0 MB.

Unloading 41 unused Assets to reduce memory usage. Loaded Objects now: 2834.
Total: 4.621100 ms (FindLiveObjects: 0.281700 ms CreateObjectMapping: 0.138000 ms MarkObjects: 2.457900 ms  DeleteObjects: 1.742200 ms)

========================================================================
Received Import Request.
  Time since last request: 22.851705 seconds.
  path: Assets/Prefabs/Hero.prefab
  artifactKey: Guid(208cbdb66f7973d41944745bf993dac2) Importer(815301076,1909f56bfc062723c751e8b465ee728b)
Start importing Assets/Prefabs/Hero.prefab using Guid(208cbdb66f7973d41944745bf993dac2) Importer(815301076,1909f56bfc062723c751e8b465ee728b)  -> (artifact id: '9ef17688c0da6a00575f987e9a16128e') in 0.249039 seconds
  Import took 0.254822 seconds .

========================================================================
Received Import Request.
  Time since last request: 3.215085 seconds.
  path: Assets/Settings/SampleSceneProfile.asset
  artifactKey: Guid(10fc4df2da32a41aaa32d77bc913491c) Importer(815301076,1909f56bfc062723c751e8b465ee728b)
Start importing Assets/Settings/SampleSceneProfile.asset using Guid(10fc4df2da32a41aaa32d77bc913491c) Importer(815301076,1909f56bfc062723c751e8b465ee728b)  -> (artifact id: 'cc358fb774e602ee43d895e2a7e61995') in 0.016171 seconds
  Import took 0.021038 seconds .

========================================================================
Received Import Request.
  Time since last request: 3.208123 seconds.
  path: Assets/TutorialInfo/Icons/Help_Icon.png
  artifactKey: Guid(34f556d724b1bbf4097ca6220db2c581) Importer(815301076,1909f56bfc062723c751e8b465ee728b)
Start importing Assets/TutorialInfo/Icons/Help_Icon.png using Guid(34f556d724b1bbf4097ca6220db2c581) Importer(815301076,1909f56bfc062723c751e8b465ee728b)  -> (artifact id: '9eeb6d1f0576970a9c003f74c858671b') in 0.037836 seconds
  Import took 0.042781 seconds .

========================================================================
Received Import Request.
  Time since last request: 0.000513 seconds.
  path: Assets/TutorialInfo/Icons/UniversalIcon.png
  artifactKey: Guid(7801804018a7dcf42abb827444e18660) Importer(815301076,1909f56bfc062723c751e8b465ee728b)
Start importing Assets/TutorialInfo/Icons/UniversalIcon.png using Guid(7801804018a7dcf42abb827444e18660) Importer(815301076,1909f56bfc062723c751e8b465ee728b)  -> (artifact id: '4901aa83562aaee44a81ea42405e2bfb') in 0.017164 seconds
  Import took 0.021496 seconds .

========================================================================
Received Import Request.
  Time since last request: 10.170998 seconds.
  path: Assets/TutorialInfo/Scripts/Editor/ReadmeEditor.cs
  artifactKey: Guid(476cc7d7cd9874016adc216baab94a0a) Importer(815301076,1909f56bfc062723c751e8b465ee728b)
Start importing Assets/TutorialInfo/Scripts/Editor/ReadmeEditor.cs using Guid(476cc7d7cd9874016adc216baab94a0a) Importer(815301076,1909f56bfc062723c751e8b465ee728b)  -> (artifact id: '6a468852f50afeece21fea170884d5f0') in 0.007495 seconds
  Import took 0.012139 seconds .

========================================================================
Received Import Request.
  Time since last request: 0.001922 seconds.
  path: Assets/TutorialInfo/Scripts/Editor/ReadmeEditor.cs
  artifactKey: Guid(476cc7d7cd9874016adc216baab94a0a) Importer(815301076,1909f56bfc062723c751e8b465ee728b)
Start importing Assets/TutorialInfo/Scripts/Editor/ReadmeEditor.cs using Guid(476cc7d7cd9874016adc216baab94a0a) Importer(815301076,1909f56bfc062723c751e8b465ee728b)  -> (artifact id: '6a468852f50afeece21fea170884d5f0') in 0.004660 seconds
  Import took 0.008299 seconds .

========================================================================
Received Prepare
Registering precompiled user dll's ...
Registered in 0.001623 seconds.
Begin MonoManager ReloadAssembly
Native extension for WindowsStandalone target not found
Refreshing native plugins compatible for Editor in 0.64 ms, found 0 plugins.
Preloading 0 native plugins for Editor in 0.00 ms.
Invoked RoslynAnalysisRunner static constructor.
RoslynAnalysisRunner will not be running.
RoslynAnalysisRunner has terminated.
Mono: successfully reloaded assembly
- Completed reload, in  1.046 seconds
Platform modules already initialized, skipping
Shader 'Universal Render Pipeline/Particles/Lit': fallback shader 'Universal Render Pipeline/Particles/SimpleLit' not found
Shader 'Universal Render Pipeline/Particles/Lit': fallback shader 'Universal Render Pipeline/Particles/SimpleLit' not found
Refreshing native plugins compatible for Editor in 0.48 ms, found 0 plugins.
Preloading 0 native plugins for Editor in 0.00 ms.
Unloading 2326 Unused Serialized files (Serialized files now loaded: 0)
System memory in use before: 124.4 MB.
System memory in use after: 122.1 MB.

Unloading 41 unused Assets to reduce memory usage. Loaded Objects now: 2885.
Total: 4.490300 ms (FindLiveObjects: 0.290800 ms CreateObjectMapping: 0.107100 ms MarkObjects: 2.467100 ms  DeleteObjects: 1.624100 ms)

========================================================================
Received Prepare
Registering precompiled user dll's ...
Registered in 0.002052 seconds.
Begin MonoManager ReloadAssembly
Native extension for WindowsStandalone target not found
Refreshing native plugins compatible for Editor in 0.48 ms, found 0 plugins.
Preloading 0 native plugins for Editor in 0.00 ms.
Invoked RoslynAnalysisRunner static constructor.
RoslynAnalysisRunner will not be running.
RoslynAnalysisRunner has terminated.
Mono: successfully reloaded assembly
- Completed reload, in  1.109 seconds
Platform modules already initialized, skipping
Shader 'Universal Render Pipeline/Particles/Lit': fallback shader 'Universal Render Pipeline/Particles/SimpleLit' not found
Shader 'Universal Render Pipeline/Particles/Lit': fallback shader 'Universal Render Pipeline/Particles/SimpleLit' not found
Refreshing native plugins compatible for Editor in 0.47 ms, found 0 plugins.
Preloading 0 native plugins for Editor in 0.00 ms.
Unloading 2324 Unused Serialized files (Serialized files now loaded: 0)
System memory in use before: 124.4 MB.
System memory in use after: 122.2 MB.

Unloading 42 unused Assets to reduce memory usage. Loaded Objects now: 2886.
Total: 4.139100 ms (FindLiveObjects: 0.249400 ms CreateObjectMapping: 0.105100 ms MarkObjects: 2.065500 ms  DeleteObjects: 1.718000 ms)

========================================================================
Received Prepare
Registering precompiled user dll's ...
Registered in 0.001817 seconds.
Begin MonoManager ReloadAssembly
Native extension for WindowsStandalone target not found
Refreshing native plugins compatible for Editor in 0.50 ms, found 0 plugins.
Preloading 0 native plugins for Editor in 0.00 ms.
Invoked RoslynAnalysisRunner static constructor.
RoslynAnalysisRunner will not be running.
RoslynAnalysisRunner has terminated.
Mono: successfully reloaded assembly
- Completed reload, in  1.001 seconds
Platform modules already initialized, skipping
Shader 'Universal Render Pipeline/Particles/Lit': fallback shader 'Universal Render Pipeline/Particles/SimpleLit' not found
Shader 'Universal Render Pipeline/Particles/Lit': fallback shader 'Universal Render Pipeline/Particles/SimpleLit' not found
Refreshing native plugins compatible for Editor in 0.48 ms, found 0 plugins.
Preloading 0 native plugins for Editor in 0.00 ms.
Unloading 2324 Unused Serialized files (Serialized files now loaded: 0)
System memory in use before: 124.4 MB.
System memory in use after: 122.2 MB.

Unloading 41 unused Assets to reduce memory usage. Loaded Objects now: 2888.
Total: 4.612400 ms (FindLiveObjects: 0.277900 ms CreateObjectMapping: 0.139200 ms MarkObjects: 2.410100 ms  DeleteObjects: 1.783600 ms)

========================================================================
Received Import Request.
  Time since last request: 32.696678 seconds.
  path: Assets/Presets/AudioStreaming.preset
  artifactKey: Guid(86bcce7f5575b54408aa0f3a7d321039) Importer(815301076,1909f56bfc062723c751e8b465ee728b)
Start importing Assets/Presets/AudioStreaming.preset using Guid(86bcce7f5575b54408aa0f3a7d321039) Importer(815301076,1909f56bfc062723c751e8b465ee728b)  -> (artifact id: '80622e16691b4b345d1c1f890c4d5ec9') in 0.031698 seconds
  Import took 0.038024 seconds .

========================================================================
Received Import Request.
  Time since last request: 0.000612 seconds.
  path: Assets/Presets/AudioCompressedInMemory.preset
  artifactKey: Guid(2dd802e4d37c65149922028d3e973832) Importer(815301076,1909f56bfc062723c751e8b465ee728b)
Start importing Assets/Presets/AudioCompressedInMemory.preset using Guid(2dd802e4d37c65149922028d3e973832) Importer(815301076,1909f56bfc062723c751e8b465ee728b)  -> (artifact id: '9b4321c18c3bb3ec10e533503b749c2b') in 0.007621 seconds
  Import took 0.012152 seconds .

========================================================================
Received Import Request.
  Time since last request: 0.000518 seconds.
  path: Assets/Presets/NormalTexture.preset
  artifactKey: Guid(14a57cf3b9fa1c74b884aa7e0dcf1faa) Importer(815301076,1909f56bfc062723c751e8b465ee728b)
Start importing Assets/Presets/NormalTexture.preset using Guid(14a57cf3b9fa1c74b884aa7e0dcf1faa) Importer(815301076,1909f56bfc062723c751e8b465ee728b)  -> (artifact id: '9921d28f536b747024eda37ee275a335') in 0.010384 seconds
  Import took 0.014406 seconds .

========================================================================
Received Import Request.
  Time since last request: 0.000537 seconds.
  path: Assets/Presets/UtilityTexture.preset
  artifactKey: Guid(45f7b2e3c78185248b3adbb14429c2ab) Importer(815301076,1909f56bfc062723c751e8b465ee728b)
Start importing Assets/Presets/UtilityTexture.preset using Guid(45f7b2e3c78185248b3adbb14429c2ab) Importer(815301076,1909f56bfc062723c751e8b465ee728b)  -> (artifact id: '119bb89e762408fbe552a51715555a03') in 0.009867 seconds
  Import took 0.013853 seconds .

========================================================================
Received Import Request.
  Time since last request: 3.702340 seconds.
  path: Assets/Presets/Defaults/AlbedoTexture_Default.preset
  artifactKey: Guid(e8537455c6c08bd4e8bf0be3707da685) Importer(815301076,1909f56bfc062723c751e8b465ee728b)
Start importing Assets/Presets/Defaults/AlbedoTexture_Default.preset using Guid(e8537455c6c08bd4e8bf0be3707da685) Importer(815301076,1909f56bfc062723c751e8b465ee728b)  -> (artifact id: '10ee9e7cb7cc2b1c5241bc6ab829ddbd') in 0.013734 seconds
  Import took 0.019644 seconds .

========================================================================
Received Import Request.
  Time since last request: 0.000762 seconds.
  path: Assets/Presets/Defaults/AudioDecompressOnLoad.preset
  artifactKey: Guid(e7689051185d12f4298e1ebb2693a29f) Importer(815301076,1909f56bfc062723c751e8b465ee728b)
Start importing Assets/Presets/Defaults/AudioDecompressOnLoad.preset using Guid(e7689051185d12f4298e1ebb2693a29f) Importer(815301076,1909f56bfc062723c751e8b465ee728b)  -> (artifact id: 'f08e68bd3ceb31e6620091dc34c5adb7') in 0.011425 seconds
  Import took 0.016964 seconds .

========================================================================
Received Import Request.
  Time since last request: 0.000771 seconds.
  path: Assets/Presets/Defaults/DirectionalLight_Default.preset
  artifactKey: Guid(463065d4f17d1d94d848aa127b94dd43) Importer(815301076,1909f56bfc062723c751e8b465ee728b)
Start importing Assets/Presets/Defaults/DirectionalLight_Default.preset using Guid(463065d4f17d1d94d848aa127b94dd43) Importer(815301076,1909f56bfc062723c751e8b465ee728b)  -> (artifact id: 'e4e897cf97100bf982e20f5cfb4c9dab') in 0.011664 seconds
  Import took 0.017564 seconds .

AssetImportWorkerClient::OnTransportError - code=2 error=End of file
